# Time [h]   Sr      Rb      Kr      Br      Se      As      Ge      Ga      Zn      Cu      Ni      
  1728.0InfinityInfinityInfinityInfinityInfinityInfinityInfinityInfinityInfinity     NaN     NaN
  3456.0InfinityInfinityInfinityInfinityInfinityInfinityInfinityInfinityInfinity     NaN     NaN
  5184.0InfinityInfinityInfinityInfinityInfinityInfinityInfinityInfinityInfinity     NaN     NaN
  6912.0InfinityInfinityInfinityInfinityInfinityInfinityInfinityInfinityInfinity     NaN     NaN
  8640.0InfinityInfinityInfinityInfinityInfinityInfinityInfinityInfinityInfinity     NaN     NaN
 10368.0InfinityInfinityInfinityInfinityInfinityInfinityInfinityInfinityInfinity     NaN     NaN
 12096.0InfinityInfinityInfinityInfinityInfinityInfinityInfinityInfinityInfinity     NaN     NaN
 13824.0InfinityInfinityInfinityInfinityInfinityInfinityInfinityInfinityInfinity     NaN     NaN
 15552.0InfinityInfinityInfinityInfinityInfinityInfinityInfinityInfinityInfinity     NaN     NaN
 17280.0InfinityInfinityInfinityInfinityInfinityInfinityInfinityInfinityInfinity     NaN     NaN
 19008.0InfinityInfinityInfinityInfinityInfinityInfinityInfinityInfinityInfinity     NaN     NaN
 20736.0InfinityInfinityInfinityInfinityInfinityInfinityInfinityInfinityInfinity     NaN     NaN
 22464.0InfinityInfinityInfinityInfinityInfinityInfinityInfinityInfinityInfinity     NaN     NaN
 24192.0InfinityInfinityInfinityInfinityInfinityInfinityInfinityInfinityInfinity     NaN     NaN
 25920.0InfinityInfinityInfinityInfinityInfinityInfinityInfinityInfinityInfinity     NaN     NaN
 27648.0InfinityInfinityInfinityInfinityInfinityInfinityInfinityInfinityInfinity     NaN     NaN
 29376.0InfinityInfinityInfinityInfinityInfinityInfinityInfinityInfinityInfinity     NaN     NaN
 31104.0InfinityInfinityInfinityInfinityInfinityInfinityInfinityInfinityInfinity     NaN     NaN
 32832.0InfinityInfinityInfinityInfinityInfinityInfinityInfinityInfinityInfinity     NaN     NaN
 34560.0InfinityInfinityInfinityInfinityInfinityInfinityInfinityInfinityInfinity     NaN     NaN
 36288.0InfinityInfinityInfinityInfinityInfinityInfinityInfinityInfinityInfinity     NaN     NaN
 38016.0InfinityInfinityInfinityInfinityInfinityInfinityInfinityInfinityInfinity     NaN     NaN
 39744.0InfinityInfinityInfinityInfinityInfinityInfinityInfinityInfinityInfinity     NaN     NaN
 41472.0InfinityInfinityInfinityInfinityInfinityInfinityInfinityInfinityInfinity     NaN     NaN
 43200.0InfinityInfinityInfinityInfinityInfinityInfinityInfinityInfinityInfinity     NaN     NaN
 44928.0InfinityInfinityInfinityInfinityInfinityInfinityInfinityInfinityInfinity     NaN     NaN
 46656.0InfinityInfinityInfinityInfinityInfinityInfinityInfinityInfinityInfinity     NaN     NaN
 48384.0InfinityInfinityInfinityInfinityInfinityInfinityInfinityInfinityInfinity     NaN     NaN
 50112.0InfinityInfinityInfinityInfinityInfinityInfinityInfinityInfinityInfinity     NaN     NaN
 51840.0InfinityInfinityInfinityInfinityInfinityInfinityInfinityInfinityInfinity     NaN     NaN
 53568.0InfinityInfinityInfinityInfinityInfinityInfinityInfinityInfinityInfinity     NaN     NaN
 55296.0InfinityInfinityInfinityInfinityInfinityInfinityInfinityInfinityInfinity     NaN     NaN
 57024.0InfinityInfinityInfinityInfinityInfinityInfinityInfinityInfinityInfinity     NaN     NaN
 58752.0InfinityInfinityInfinityInfinityInfinityInfinityInfinityInfinityInfinity     NaN     NaN
 60480.0InfinityInfinityInfinityInfinityInfinityInfinityInfinityInfinityInfinity     NaN     NaN
 62208.0InfinityInfinityInfinityInfinityInfinityInfinityInfinityInfinityInfinity     NaN     NaN
 63936.0InfinityInfinityInfinityInfinityInfinityInfinityInfinityInfinityInfinity     NaN     NaN
 65664.0InfinityInfinityInfinityInfinityInfinityInfinityInfinityInfinityInfinity     NaN     NaN
 67392.0InfinityInfinityInfinityInfinityInfinityInfinityInfinityInfinityInfinity     NaN     NaN
 69120.0InfinityInfinityInfinityInfinityInfinityInfinityInfinityInfinityInfinity     NaN     NaN
 70848.0InfinityInfinityInfinityInfinityInfinityInfinityInfinityInfinityInfinity     NaN     NaN
 72576.0InfinityInfinityInfinityInfinityInfinityInfinityInfinityInfinityInfinity     NaN     NaN
 74304.0InfinityInfinityInfinityInfinityInfinityInfinityInfinityInfinityInfinity     NaN     NaN
 76032.0InfinityInfinityInfinityInfinityInfinityInfinityInfinityInfinityInfinity     NaN     NaN
 77760.0InfinityInfinityInfinityInfinityInfinityInfinityInfinityInfinityInfinity     NaN     NaN
 79488.0InfinityInfinityInfinityInfinityInfinityInfinityInfinityInfinityInfinity     NaN     NaN
 81216.0InfinityInfinityInfinityInfinityInfinityInfinityInfinityInfinityInfinity     NaN     NaN
 82944.0InfinityInfinityInfinityInfinityInfinityInfinityInfinityInfinityInfinity     NaN     NaN
 84672.0InfinityInfinityInfinityInfinityInfinityInfinityInfinityInfinityInfinity     NaN     NaN
 86400.0InfinityInfinityInfinityInfinityInfinityInfinityInfinityInfinityInfinity     NaN     NaN
 88128.0InfinityInfinityInfinityInfinityInfinityInfinityInfinityInfinityInfinity     NaN     NaN
 89856.0InfinityInfinityInfinityInfinityInfinityInfinityInfinityInfinityInfinity     NaN     NaN
 91584.0InfinityInfinityInfinityInfinityInfinityInfinityInfinityInfinityInfinity     NaN     NaN
 93312.0InfinityInfinityInfinityInfinityInfinityInfinityInfinityInfinityInfinity     NaN     NaN
 95040.0InfinityInfinityInfinityInfinityInfinityInfinityInfinityInfinityInfinity     NaN     NaN
 96768.0InfinityInfinityInfinityInfinityInfinityInfinityInfinityInfinityInfinity     NaN     NaN
 98496.0InfinityInfinityInfinityInfinityInfinityInfinityInfinityInfinityInfinity     NaN     NaN
100224.0InfinityInfinityInfinityInfinityInfinityInfinityInfinityInfinityInfinity     NaN     NaN
101952.0InfinityInfinityInfinityInfinityInfinityInfinityInfinityInfinityInfinity     NaN     NaN
103680.0InfinityInfinityInfinityInfinityInfinityInfinityInfinityInfinityInfinity     NaN     NaN
105408.0InfinityInfinityInfinityInfinityInfinityInfinityInfinityInfinityInfinity     NaN     NaN
107136.0InfinityInfinityInfinityInfinityInfinityInfinityInfinityInfinityInfinity     NaN     NaN
108864.0InfinityInfinityInfinityInfinityInfinityInfinityInfinityInfinityInfinity     NaN     NaN
110592.0InfinityInfinityInfinityInfinityInfinityInfinityInfinityInfinityInfinity     NaN     NaN
112320.0InfinityInfinityInfinityInfinityInfinityInfinityInfinityInfinityInfinity     NaN     NaN
114048.0InfinityInfinityInfinityInfinityInfinityInfinityInfinityInfinityInfinity     NaN     NaN
115776.0InfinityInfinityInfinityInfinityInfinityInfinityInfinityInfinityInfinity     NaN     NaN
117504.0InfinityInfinityInfinityInfinityInfinityInfinityInfinityInfinityInfinity     NaN     NaN
119232.0InfinityInfinityInfinityInfinityInfinityInfinityInfinityInfinityInfinity     NaN     NaN
120960.0InfinityInfinityInfinityInfinityInfinityInfinityInfinityInfinityInfinity     NaN     NaN
122688.0InfinityInfinityInfinityInfinityInfinityInfinityInfinityInfinityInfinity     NaN     NaN
124416.0InfinityInfinityInfinityInfinityInfinityInfinityInfinityInfinityInfinity     NaN     NaN
126144.0InfinityInfinityInfinityInfinityInfinityInfinityInfinityInfinityInfinity     NaN     NaN
127872.0InfinityInfinityInfinityInfinityInfinityInfinityInfinityInfinityInfinity     NaN     NaN
129600.0InfinityInfinityInfinityInfinityInfinityInfinityInfinityInfinityInfinity     NaN     NaN
131328.0InfinityInfinityInfinityInfinityInfinityInfinityInfinityInfinityInfinity     NaN     NaN
133056.0InfinityInfinityInfinityInfinityInfinityInfinityInfinityInfinityInfinity     NaN     NaN
134784.0InfinityInfinityInfinityInfinityInfinityInfinityInfinityInfinityInfinity     NaN     NaN
136512.0InfinityInfinityInfinityInfinityInfinityInfinityInfinityInfinityInfinity     NaN     NaN
138240.0InfinityInfinityInfinityInfinityInfinityInfinityInfinityInfinityInfinity     NaN     NaN
139968.0InfinityInfinityInfinityInfinityInfinityInfinityInfinityInfinityInfinity     NaN     NaN
141696.0InfinityInfinityInfinityInfinityInfinityInfinityInfinityInfinityInfinity     NaN     NaN
143424.0InfinityInfinityInfinityInfinityInfinityInfinityInfinityInfinityInfinity     NaN     NaN
145152.0InfinityInfinityInfinityInfinityInfinityInfinityInfinityInfinityInfinity     NaN     NaN
146880.0InfinityInfinityInfinityInfinityInfinityInfinityInfinityInfinityInfinity     NaN     NaN
148608.0InfinityInfinityInfinityInfinityInfinityInfinityInfinityInfinityInfinity     NaN     NaN
150336.0InfinityInfinityInfinityInfinityInfinityInfinityInfinityInfinityInfinity     NaN     NaN
152064.0InfinityInfinityInfinityInfinityInfinityInfinityInfinityInfinityInfinity     NaN     NaN
153792.0InfinityInfinityInfinityInfinityInfinityInfinityInfinityInfinityInfinity     NaN     NaN
155520.0InfinityInfinityInfinityInfinityInfinityInfinityInfinityInfinityInfinity     NaN     NaN
157248.0InfinityInfinityInfinityInfinityInfinityInfinityInfinityInfinityInfinity     NaN     NaN
158976.0InfinityInfinityInfinityInfinityInfinityInfinityInfinityInfinityInfinity     NaN     NaN
160704.0InfinityInfinityInfinityInfinityInfinityInfinityInfinityInfinityInfinity     NaN     NaN
162432.0InfinityInfinityInfinityInfinityInfinityInfinityInfinityInfinityInfinity     NaN     NaN
164160.0InfinityInfinityInfinityInfinityInfinityInfinityInfinityInfinityInfinity     NaN     NaN
165888.0InfinityInfinityInfinityInfinityInfinityInfinityInfinityInfinityInfinity     NaN     NaN
167616.0InfinityInfinityInfinityInfinityInfinityInfinityInfinityInfinityInfinity     NaN     NaN
169344.0InfinityInfinityInfinityInfinityInfinityInfinityInfinityInfinityInfinity     NaN     NaN
171072.0InfinityInfinityInfinityInfinityInfinityInfinityInfinityInfinityInfinity     NaN     NaN
172800.0InfinityInfinityInfinityInfinityInfinityInfinityInfinityInfinityInfinity     NaN     NaN
