# Time [h]   As      Ge      Ga      Zn      Cu      Ni      Co      Fe      Mn      Cr      V       
  3456.0 0.00000 0.00000 1.00000 0.00000 0.00000 0.00000 0.00000 0.00000 0.00000 0.00000 0.00000
  6912.0 0.00000 0.00000 0.99999 0.00000 0.00000 0.00000 0.00000 0.00000 0.00000 0.00000 0.00000
 10368.0 0.00000 0.00001 0.99999 0.00000 0.00000 0.00000 0.00000 0.00000 0.00000 0.00000 0.00000
 13824.0 0.00000 0.00001 0.99998 0.00001 0.00000 0.00000 0.00000 0.00000 0.00000 0.00000 0.00000
 17280.0 0.00000 0.00001 0.99998 0.00001 0.00000 0.00000 0.00000 0.00000 0.00000 0.00000 0.00000
 20736.0 0.00000 0.00001 0.99997 0.00001 0.00000 0.00000 0.00000 0.00000 0.00000 0.00000 0.00000
 24192.0 0.00000 0.00002 0.99997 0.00001 0.00000 0.00000 0.00000 0.00000 0.00000 0.00000 0.00000
 27648.0 0.00000 0.00002 0.99997 0.00001 0.00000 0.00000 0.00000 0.00000 0.00000 0.00000 0.00000
 31104.0 0.00000 0.00002 0.99996 0.00002 0.00000 0.00000 0.00000 0.00000 0.00000 0.00000 0.00000
 34560.0 0.00000 0.00002 0.99996 0.00002 0.00000 0.00000 0.00000 0.00000 0.00000 0.00000 0.00000
 38016.0 0.00000 0.00002 0.99995 0.00002 0.00000 0.00000 0.00000 0.00000 0.00000 0.00000 0.00000
 41472.0 0.00000 0.00003 0.99995 0.00002 0.00000 0.00000 0.00000 0.00000 0.00000 0.00000 0.00000
 44928.0 0.00000 0.00003 0.99994 0.00002 0.00000 0.00000 0.00000 0.00000 0.00000 0.00000 0.00000
 48384.0 0.00000 0.00003 0.99994 0.00003 0.00000 0.00000 0.00000 0.00000 0.00000 0.00000 0.00000
 51840.0 0.00000 0.00003 0.99993 0.00003 0.00000 0.00000 0.00000 0.00000 0.00000 0.00000 0.00000
 55296.0 0.00000 0.00004 0.99993 0.00003 0.00000 0.00000 0.00000 0.00000 0.00000 0.00000 0.00000
 58752.0 0.00000 0.00004 0.99992 0.00003 0.00000 0.00000 0.00000 0.00000 0.00000 0.00000 0.00000
 62208.0 0.00000 0.00004 0.99992 0.00003 0.00000 0.00000 0.00000 0.00000 0.00000 0.00000 0.00000
 65664.0 0.00000 0.00004 0.99991 0.00004 0.00000 0.00000 0.00000 0.00000 0.00000 0.00000 0.00000
 69120.0 0.00000 0.00004 0.99991 0.00004 0.00000 0.00000 0.00000 0.00000 0.00000 0.00000 0.00000
 72576.0 0.00000 0.00005 0.99991 0.00004 0.00000 0.00000 0.00000 0.00000 0.00000 0.00000 0.00000
 76032.0 0.00000 0.00005 0.99990 0.00004 0.00000 0.00000 0.00000 0.00000 0.00000 0.00000 0.00000
 79488.0 0.00000 0.00005 0.99990 0.00005 0.00000 0.00000 0.00000 0.00000 0.00000 0.00000 0.00000
 82944.0 0.00000 0.00005 0.99989 0.00005 0.00000 0.00000 0.00000 0.00000 0.00000 0.00000 0.00000
 86400.0 0.00000 0.00005 0.99989 0.00005 0.00000 0.00000 0.00000 0.00000 0.00000 0.00000 0.00000
 89856.0 0.00000 0.00006 0.99988 0.00005 0.00000 0.00000 0.00000 0.00000 0.00000 0.00000 0.00000
 93312.0 0.00000 0.00006 0.99988 0.00005 0.00000 0.00000 0.00000 0.00000 0.00000 0.00000 0.00000
 96768.0 0.00000 0.00006 0.99987 0.00006 0.00000 0.00000 0.00000 0.00000 0.00000 0.00000 0.00000
100224.0 0.00000 0.00006 0.99987 0.00006 0.00000 0.00000 0.00000 0.00000 0.00000 0.00000 0.00000
103680.0 0.00000 0.00006 0.99986 0.00006 0.00000 0.00000 0.00000 0.00000 0.00000 0.00000 0.00000
107136.0 0.00000 0.00007 0.99986 0.00006 0.00000 0.00000 0.00000 0.00000 0.00000 0.00000 0.00000
110592.0 0.00000 0.00007 0.99985 0.00006 0.00000 0.00000 0.00000 0.00000 0.00000 0.00000 0.00000
114048.0 0.00000 0.00007 0.99985 0.00007 0.00000 0.00000 0.00000 0.00000 0.00000 0.00000 0.00000
117504.0 0.00000 0.00007 0.99985 0.00007 0.00000 0.00000 0.00000 0.00000 0.00000 0.00000 0.00000
120960.0 0.00000 0.00007 0.99984 0.00007 0.00000 0.00000 0.00000 0.00000 0.00000 0.00000 0.00000
124416.0 0.00000 0.00008 0.99984 0.00007 0.00000 0.00000 0.00000 0.00000 0.00000 0.00000 0.00000
127872.0 0.00000 0.00008 0.99983 0.00008 0.00000 0.00000 0.00000 0.00000 0.00000 0.00000 0.00000
131328.0 0.00000 0.00008 0.99983 0.00008 0.00000 0.00000 0.00000 0.00000 0.00000 0.00000 0.00000
134784.0 0.00000 0.00008 0.99982 0.00008 0.00000 0.00000 0.00000 0.00000 0.00000 0.00000 0.00000
138240.0 0.00000 0.00008 0.99982 0.00008 0.00000 0.00000 0.00000 0.00000 0.00000 0.00000 0.00000
141696.0 0.00000 0.00009 0.99981 0.00008 0.00000 0.00000 0.00000 0.00000 0.00000 0.00000 0.00000
145152.0 0.00000 0.00009 0.99981 0.00009 0.00000 0.00000 0.00000 0.00000 0.00000 0.00000 0.00000
148608.0 0.00000 0.00009 0.99980 0.00009 0.00000 0.00000 0.00000 0.00000 0.00000 0.00000 0.00000
152064.0 0.00000 0.00009 0.99980 0.00009 0.00000 0.00000 0.00000 0.00000 0.00000 0.00000 0.00000
155520.0 0.00000 0.00009 0.99979 0.00009 0.00000 0.00000 0.00000 0.00000 0.00000 0.00000 0.00000
158976.0 0.00000 0.00010 0.99979 0.00009 0.00000 0.00000 0.00000 0.00000 0.00000 0.00000 0.00000
162432.0 0.00000 0.00010 0.99979 0.00010 0.00000 0.00000 0.00000 0.00000 0.00000 0.00000 0.00000
165888.0 0.00000 0.00010 0.99978 0.00010 0.00000 0.00000 0.00000 0.00000 0.00000 0.00000 0.00000
169344.0 0.00000 0.00010 0.99978 0.00010 0.00000 0.00000 0.00000 0.00000 0.00000 0.00000 0.00000
172800.0 0.00000 0.00010 0.99977 0.00010 0.00000 0.00000 0.00000 0.00000 0.00000 0.00000 0.00000
174528.0 0.00000 0.00010 0.99977 0.00010 0.00000 0.00000 0.00000 0.00000 0.00000 0.00000 0.00000
176256.0 0.00000 0.00010 0.99977 0.00010 0.00000 0.00000 0.00000 0.00000 0.00000 0.00000 0.00000
177984.0 0.00000 0.00010 0.99977 0.00011 0.00000 0.00000 0.00000 0.00000 0.00000 0.00000 0.00000
179712.0 0.00000 0.00010 0.99977 0.00011 0.00000 0.00000 0.00000 0.00000 0.00000 0.00000 0.00000
181440.0 0.00000 0.00010 0.99977 0.00011 0.00000 0.00000 0.00000 0.00000 0.00000 0.00000 0.00000
183168.0 0.00000 0.00010 0.99977 0.00011 0.00000 0.00000 0.00000 0.00000 0.00000 0.00000 0.00000
184896.0 0.00000 0.00010 0.99977 0.00011 0.00000 0.00000 0.00000 0.00000 0.00000 0.00000 0.00000
186624.0 0.00000 0.00010 0.99977 0.00011 0.00000 0.00000 0.00000 0.00000 0.00000 0.00000 0.00000
188352.0 0.00000 0.00010 0.99977 0.00011 0.00000 0.00000 0.00000 0.00000 0.00000 0.00000 0.00000
190080.0 0.00000 0.00010 0.99977 0.00011 0.00000 0.00000 0.00000 0.00000 0.00000 0.00000 0.00000
191808.0 0.00000 0.00010 0.99977 0.00011 0.00000 0.00000 0.00000 0.00000 0.00000 0.00000 0.00000
193536.0 0.00000 0.00010 0.99977 0.00011 0.00000 0.00000 0.00000 0.00000 0.00000 0.00000 0.00000
195264.0 0.00000 0.00010 0.99977 0.00011 0.00000 0.00000 0.00000 0.00000 0.00000 0.00000 0.00000
196992.0 0.00000 0.00010 0.99977 0.00011 0.00000 0.00000 0.00000 0.00000 0.00000 0.00000 0.00000
198720.0 0.00000 0.00010 0.99977 0.00011 0.00000 0.00000 0.00000 0.00000 0.00000 0.00000 0.00000
200448.0 0.00000 0.00010 0.99977 0.00011 0.00000 0.00000 0.00000 0.00000 0.00000 0.00000 0.00000
202176.0 0.00000 0.00010 0.99977 0.00011 0.00000 0.00000 0.00000 0.00000 0.00000 0.00000 0.00000
203904.0 0.00000 0.00010 0.99977 0.00011 0.00000 0.00000 0.00000 0.00000 0.00000 0.00000 0.00000
205632.0 0.00000 0.00010 0.99977 0.00011 0.00000 0.00000 0.00000 0.00000 0.00000 0.00000 0.00000
207360.0 0.00000 0.00010 0.99977 0.00011 0.00000 0.00000 0.00000 0.00000 0.00000 0.00000 0.00000
209088.0 0.00000 0.00010 0.99977 0.00011 0.00000 0.00000 0.00000 0.00000 0.00000 0.00000 0.00000
210816.0 0.00000 0.00010 0.99977 0.00011 0.00000 0.00000 0.00000 0.00000 0.00000 0.00000 0.00000
212544.0 0.00000 0.00010 0.99977 0.00011 0.00000 0.00000 0.00000 0.00000 0.00000 0.00000 0.00000
214272.0 0.00000 0.00010 0.99977 0.00011 0.00000 0.00000 0.00000 0.00000 0.00000 0.00000 0.00000
216000.0 0.00000 0.00010 0.99977 0.00011 0.00000 0.00000 0.00000 0.00000 0.00000 0.00000 0.00000
217728.0 0.00000 0.00010 0.99977 0.00011 0.00000 0.00000 0.00000 0.00000 0.00000 0.00000 0.00000
219456.0 0.00000 0.00010 0.99977 0.00011 0.00000 0.00000 0.00000 0.00000 0.00000 0.00000 0.00000
221184.0 0.00000 0.00010 0.99977 0.00011 0.00000 0.00000 0.00000 0.00000 0.00000 0.00000 0.00000
222912.0 0.00000 0.00010 0.99977 0.00011 0.00000 0.00000 0.00000 0.00000 0.00000 0.00000 0.00000
224640.0 0.00000 0.00010 0.99977 0.00011 0.00000 0.00000 0.00000 0.00000 0.00000 0.00000 0.00000
226368.0 0.00000 0.00010 0.99977 0.00011 0.00000 0.00000 0.00000 0.00000 0.00000 0.00000 0.00000
228096.0 0.00000 0.00010 0.99977 0.00011 0.00000 0.00000 0.00000 0.00000 0.00000 0.00000 0.00000
229824.0 0.00000 0.00010 0.99977 0.00011 0.00000 0.00000 0.00000 0.00000 0.00000 0.00000 0.00000
231552.0 0.00000 0.00010 0.99977 0.00011 0.00000 0.00000 0.00000 0.00000 0.00000 0.00000 0.00000
233280.0 0.00000 0.00010 0.99977 0.00011 0.00000 0.00000 0.00000 0.00000 0.00000 0.00000 0.00000
235008.0 0.00000 0.00010 0.99977 0.00011 0.00000 0.00000 0.00000 0.00000 0.00000 0.00000 0.00000
236736.0 0.00000 0.00010 0.99977 0.00011 0.00000 0.00000 0.00000 0.00000 0.00000 0.00000 0.00000
238464.0 0.00000 0.00010 0.99977 0.00011 0.00000 0.00000 0.00000 0.00000 0.00000 0.00000 0.00000
240192.0 0.00000 0.00010 0.99977 0.00011 0.00000 0.00000 0.00000 0.00000 0.00000 0.00000 0.00000
241920.0 0.00000 0.00010 0.99977 0.00011 0.00000 0.00000 0.00000 0.00000 0.00000 0.00000 0.00000
243648.0 0.00000 0.00010 0.99977 0.00011 0.00000 0.00000 0.00000 0.00000 0.00000 0.00000 0.00000
245376.0 0.00000 0.00010 0.99977 0.00011 0.00000 0.00000 0.00000 0.00000 0.00000 0.00000 0.00000
247104.0 0.00000 0.00010 0.99977 0.00011 0.00000 0.00000 0.00000 0.00000 0.00000 0.00000 0.00000
248832.0 0.00000 0.00010 0.99977 0.00011 0.00000 0.00000 0.00000 0.00000 0.00000 0.00000 0.00000
250560.0 0.00000 0.00010 0.99977 0.00011 0.00000 0.00000 0.00000 0.00000 0.00000 0.00000 0.00000
252288.0 0.00000 0.00010 0.99977 0.00011 0.00000 0.00000 0.00000 0.00000 0.00000 0.00000 0.00000
254016.0 0.00000 0.00010 0.99977 0.00011 0.00000 0.00000 0.00000 0.00000 0.00000 0.00000 0.00000
255744.0 0.00000 0.00010 0.99977 0.00011 0.00000 0.00000 0.00000 0.00000 0.00000 0.00000 0.00000
257472.0 0.00000 0.00010 0.99977 0.00011 0.00000 0.00000 0.00000 0.00000 0.00000 0.00000 0.00000
259200.0 0.00000 0.00010 0.99977 0.00011 0.00000 0.00000 0.00000 0.00000 0.00000 0.00000 0.00000
